<?xml version="1.0" encoding="UTF-8"?>
<testsuite name="app.junsu.todoapplication.todo.service.TodoServiceTest" tests="1" skipped="0" failures="0" errors="0" timestamp="2023-01-24T13:45:53" hostname="PJS.local" time="2.191">
  <properties/>
  <testcase name="return one Todo()" classname="app.junsu.todoapplication.todo.service.TodoServiceTest" time="2.191"/>
  <system-out><![CDATA[22:45:50.461 [Test worker] DEBUG org.springframework.test.context.BootstrapUtils - Instantiating CacheAwareContextLoaderDelegate from class [org.springframework.test.context.cache.DefaultCacheAwareContextLoaderDelegate]
22:45:50.475 [Test worker] DEBUG org.springframework.test.context.BootstrapUtils - Instantiating BootstrapContext using constructor [public org.springframework.test.context.support.DefaultBootstrapContext(java.lang.Class,org.springframework.test.context.CacheAwareContextLoaderDelegate)]
22:45:50.515 [Test worker] DEBUG org.springframework.test.context.BootstrapUtils - Instantiating TestContextBootstrapper for test class [app.junsu.todoapplication.todo.service.TodoServiceTest] from class [org.springframework.test.context.support.DefaultTestContextBootstrapper]
22:45:50.530 [Test worker] INFO org.springframework.test.context.support.DefaultTestContextBootstrapper - Neither @ContextConfiguration nor @ContextHierarchy found for test class [app.junsu.todoapplication.todo.service.TodoServiceTest], using DelegatingSmartContextLoader
22:45:50.535 [Test worker] DEBUG org.springframework.test.context.support.AbstractDelegatingSmartContextLoader - Delegating to GenericXmlContextLoader to process context configuration [ContextConfigurationAttributes@3148f668 declaringClass = 'app.junsu.todoapplication.todo.service.TodoServiceTest', classes = '{}', locations = '{}', inheritLocations = false, initializers = '{}', inheritInitializers = true, name = [null], contextLoaderClass = 'org.springframework.test.context.ContextLoader'].
22:45:50.539 [Test worker] DEBUG org.springframework.test.context.support.AbstractContextLoader - Did not detect default resource location for test class [app.junsu.todoapplication.todo.service.TodoServiceTest]: class path resource [app/junsu/todoapplication/todo/service/TodoServiceTest-context.xml] does not exist
22:45:50.540 [Test worker] INFO org.springframework.test.context.support.AbstractContextLoader - Could not detect default resource locations for test class [app.junsu.todoapplication.todo.service.TodoServiceTest]: no resource found for suffixes {-context.xml}.
22:45:50.541 [Test worker] DEBUG org.springframework.test.context.support.AbstractDelegatingSmartContextLoader - Delegating to AnnotationConfigContextLoader to process context configuration [ContextConfigurationAttributes@3148f668 declaringClass = 'app.junsu.todoapplication.todo.service.TodoServiceTest', classes = '{}', locations = '{}', inheritLocations = false, initializers = '{}', inheritInitializers = true, name = [null], contextLoaderClass = 'org.springframework.test.context.ContextLoader'].
22:45:50.541 [Test worker] INFO org.springframework.test.context.support.AnnotationConfigContextLoaderUtils - Could not detect default configuration classes for test class [app.junsu.todoapplication.todo.service.TodoServiceTest]: TodoServiceTest does not declare any static, non-private, non-final, nested classes annotated with @Configuration.
22:45:50.696 [Test worker] DEBUG org.springframework.test.context.support.ActiveProfilesUtils - Could not find an 'annotation declaring class' for annotation type [org.springframework.test.context.ActiveProfiles] and class [app.junsu.todoapplication.todo.service.TodoServiceTest]
22:45:50.697 [Test worker] DEBUG org.springframework.test.context.support.DefaultTestContextBootstrapper - @TestExecutionListeners is not present for class [app.junsu.todoapplication.todo.service.TodoServiceTest]: using defaults.
22:45:50.697 [Test worker] INFO org.springframework.test.context.support.DefaultTestContextBootstrapper - Loaded default TestExecutionListener class names from location [META-INF/spring.factories]: [com.ninjasquad.springmockk.MockkTestExecutionListener, com.ninjasquad.springmockk.ClearMocksTestExecutionListener, org.springframework.boot.test.autoconfigure.restdocs.RestDocsTestExecutionListener, org.springframework.boot.test.autoconfigure.web.client.MockRestServiceServerResetTestExecutionListener, org.springframework.boot.test.autoconfigure.web.servlet.MockMvcPrintOnlyOnFailureTestExecutionListener, org.springframework.boot.test.autoconfigure.web.servlet.WebDriverTestExecutionListener, org.springframework.boot.test.autoconfigure.webservices.client.MockWebServiceServerTestExecutionListener, org.springframework.boot.test.mock.mockito.MockitoTestExecutionListener, org.springframework.boot.test.mock.mockito.ResetMocksTestExecutionListener, org.springframework.test.context.web.ServletTestExecutionListener, org.springframework.test.context.support.DirtiesContextBeforeModesTestExecutionListener, org.springframework.test.context.event.ApplicationEventsTestExecutionListener, org.springframework.test.context.support.DependencyInjectionTestExecutionListener, org.springframework.test.context.support.DirtiesContextTestExecutionListener, org.springframework.test.context.transaction.TransactionalTestExecutionListener, org.springframework.test.context.jdbc.SqlScriptsTestExecutionListener, org.springframework.test.context.event.EventPublishingTestExecutionListener]
22:45:50.992 [Test worker] INFO org.springframework.test.context.support.DefaultTestContextBootstrapper - Using TestExecutionListeners: [org.springframework.test.context.web.ServletTestExecutionListener@25cc7470, org.springframework.test.context.support.DirtiesContextBeforeModesTestExecutionListener@4beddc56, org.springframework.test.context.event.ApplicationEventsTestExecutionListener@79b663b3, com.ninjasquad.springmockk.MockkTestExecutionListener@1b812421, org.springframework.boot.test.mock.mockito.MockitoTestExecutionListener@5d28bcd5, org.springframework.test.context.support.DependencyInjectionTestExecutionListener@7882c44a, org.springframework.test.context.support.DirtiesContextTestExecutionListener@32639b12, org.springframework.test.context.transaction.TransactionalTestExecutionListener@20d11153, org.springframework.test.context.jdbc.SqlScriptsTestExecutionListener@3887cf88, org.springframework.test.context.event.EventPublishingTestExecutionListener@5649ec46, com.ninjasquad.springmockk.ClearMocksTestExecutionListener@78dc4696, org.springframework.boot.test.autoconfigure.restdocs.RestDocsTestExecutionListener@502f8b57, org.springframework.boot.test.autoconfigure.web.client.MockRestServiceServerResetTestExecutionListener@5652f555, org.springframework.boot.test.autoconfigure.web.servlet.MockMvcPrintOnlyOnFailureTestExecutionListener@4fe01805, org.springframework.boot.test.autoconfigure.web.servlet.WebDriverTestExecutionListener@55120f99, org.springframework.boot.test.autoconfigure.webservices.client.MockWebServiceServerTestExecutionListener@794b435f, org.springframework.boot.test.mock.mockito.ResetMocksTestExecutionListener@38f2e97e]
22:45:50.999 [Test worker] DEBUG org.springframework.test.context.support.AbstractDirtiesContextTestExecutionListener - Before test class: context [DefaultTestContext@3cc20577 testClass = TodoServiceTest, testInstance = [null], testMethod = [null], testException = [null], mergedContextConfiguration = [MergedContextConfiguration@33a630fa testClass = TodoServiceTest, locations = '{}', classes = '{}', contextInitializerClasses = '[]', activeProfiles = '{}', propertySourceLocations = '{}', propertySourceProperties = '{}', contextCustomizers = set[MockkContextCustomizer(definitions=[[MockkDefinition@775594f2 name = [null], typeToMock = app.junsu.todoapplication.todo.domain.TodoRepository, extraInterfaces = set[[empty]], clear = AFTER]]), org.springframework.boot.test.autoconfigure.actuate.metrics.MetricsExportContextCustomizerFactory$DisableMetricExportContextCustomizer@34a875b3, org.springframework.boot.test.autoconfigure.properties.PropertyMappingContextCustomizer@0, org.springframework.boot.test.autoconfigure.web.servlet.WebDriverContextCustomizerFactory$Customizer@1a760689, org.springframework.boot.test.context.filter.ExcludeFilterContextCustomizer@2250b9f2, org.springframework.boot.test.json.DuplicateJsonObjectContextCustomizerFactory$DuplicateJsonObjectContextCustomizer@41d426b5, org.springframework.boot.test.mock.mockito.MockitoContextCustomizer@0], contextLoader = 'org.springframework.test.context.support.DelegatingSmartContextLoader', parent = [null]], attributes = map[[empty]]], class annotated with @DirtiesContext [false] with mode [null].
22:45:51.174 [Test worker] DEBUG org.springframework.test.context.support.AbstractDelegatingSmartContextLoader - Delegating to AnnotationConfigContextLoader to load context from [MergedContextConfiguration@33a630fa testClass = TodoServiceTest, locations = '{}', classes = '{}', contextInitializerClasses = '[]', activeProfiles = '{}', propertySourceLocations = '{}', propertySourceProperties = '{}', contextCustomizers = set[MockkContextCustomizer(definitions=[[MockkDefinition@775594f2 name = [null], typeToMock = app.junsu.todoapplication.todo.domain.TodoRepository, extraInterfaces = set[[empty]], clear = AFTER]]), org.springframework.boot.test.autoconfigure.actuate.metrics.MetricsExportContextCustomizerFactory$DisableMetricExportContextCustomizer@34a875b3, org.springframework.boot.test.autoconfigure.properties.PropertyMappingContextCustomizer@0, org.springframework.boot.test.autoconfigure.web.servlet.WebDriverContextCustomizerFactory$Customizer@1a760689, org.springframework.boot.test.context.filter.ExcludeFilterContextCustomizer@2250b9f2, org.springframework.boot.test.json.DuplicateJsonObjectContextCustomizerFactory$DuplicateJsonObjectContextCustomizer@41d426b5, org.springframework.boot.test.mock.mockito.MockitoContextCustomizer@0], contextLoader = 'org.springframework.test.context.support.DelegatingSmartContextLoader', parent = [null]].
22:45:51.176 [Test worker] DEBUG org.springframework.test.context.support.AbstractGenericContextLoader - Loading ApplicationContext for merged context configuration [[MergedContextConfiguration@33a630fa testClass = TodoServiceTest, locations = '{}', classes = '{}', contextInitializerClasses = '[]', activeProfiles = '{}', propertySourceLocations = '{}', propertySourceProperties = '{}', contextCustomizers = set[MockkContextCustomizer(definitions=[[MockkDefinition@775594f2 name = [null], typeToMock = app.junsu.todoapplication.todo.domain.TodoRepository, extraInterfaces = set[[empty]], clear = AFTER]]), org.springframework.boot.test.autoconfigure.actuate.metrics.MetricsExportContextCustomizerFactory$DisableMetricExportContextCustomizer@34a875b3, org.springframework.boot.test.autoconfigure.properties.PropertyMappingContextCustomizer@0, org.springframework.boot.test.autoconfigure.web.servlet.WebDriverContextCustomizerFactory$Customizer@1a760689, org.springframework.boot.test.context.filter.ExcludeFilterContextCustomizer@2250b9f2, org.springframework.boot.test.json.DuplicateJsonObjectContextCustomizerFactory$DuplicateJsonObjectContextCustomizer@41d426b5, org.springframework.boot.test.mock.mockito.MockitoContextCustomizer@0], contextLoader = 'org.springframework.test.context.support.DelegatingSmartContextLoader', parent = [null]]].
22:45:51.208 [Test worker] DEBUG org.springframework.core.env.StandardEnvironment - Activating profiles []
22:45:51.209 [Test worker] DEBUG org.springframework.test.context.support.AnnotationConfigContextLoader - Registering component classes: {}
22:45:51.242 [Test worker] DEBUG org.springframework.context.support.GenericApplicationContext - Refreshing org.springframework.context.support.GenericApplicationContext@75b3673
22:45:51.255 [Test worker] DEBUG org.springframework.beans.factory.support.DefaultListableBeanFactory - Creating shared instance of singleton bean 'org.springframework.context.annotation.internalConfigurationAnnotationProcessor'
22:45:51.272 [Test worker] DEBUG org.springframework.beans.factory.support.DefaultListableBeanFactory - Creating shared instance of singleton bean 'com.ninjasquad.springmockk.MockkPostProcessor'
22:45:51.342 [Test worker] DEBUG org.springframework.beans.factory.support.DefaultListableBeanFactory - Creating shared instance of singleton bean 'org.springframework.boot.test.mock.mockito.MockitoPostProcessor'
22:45:51.906 [Test worker] DEBUG io.mockk.impl.instantiation.AbstractMockFactory - Creating mockk for TodoRepository name=app.junsu.todoapplication.todo.domain.TodoRepository#0 bean#1
22:45:53.219 [Test worker] DEBUG org.springframework.beans.factory.support.DefaultListableBeanFactory - Creating shared instance of singleton bean 'org.springframework.context.event.internalEventListenerProcessor'
22:45:53.222 [Test worker] DEBUG org.springframework.beans.factory.support.DefaultListableBeanFactory - Creating shared instance of singleton bean 'org.springframework.context.event.internalEventListenerFactory'
22:45:53.239 [Test worker] DEBUG org.springframework.beans.factory.support.DefaultListableBeanFactory - Creating shared instance of singleton bean 'org.springframework.context.annotation.internalAutowiredAnnotationProcessor'
22:45:53.244 [Test worker] DEBUG org.springframework.beans.factory.support.DefaultListableBeanFactory - Creating shared instance of singleton bean 'org.springframework.context.annotation.internalCommonAnnotationProcessor'
22:45:53.252 [Test worker] DEBUG org.springframework.beans.factory.support.DefaultListableBeanFactory - Creating shared instance of singleton bean 'org.springframework.context.annotation.internalPersistenceAnnotationProcessor'
22:45:53.254 [Test worker] DEBUG org.springframework.beans.factory.support.DefaultListableBeanFactory - Creating shared instance of singleton bean 'com.ninjasquad.springmockk.MockkPostProcessor$SpyPostProcessor'
22:45:53.326 [Test worker] DEBUG org.springframework.beans.factory.support.DefaultListableBeanFactory - Creating shared instance of singleton bean 'org.springframework.boot.test.mock.mockito.MockitoPostProcessor$SpyPostProcessor'
22:45:53.419 [Test worker] DEBUG org.springframework.test.context.cache.DefaultCacheAwareContextLoaderDelegate - Storing ApplicationContext [123418227] in cache under key [[MergedContextConfiguration@33a630fa testClass = TodoServiceTest, locations = '{}', classes = '{}', contextInitializerClasses = '[]', activeProfiles = '{}', propertySourceLocations = '{}', propertySourceProperties = '{}', contextCustomizers = set[MockkContextCustomizer(definitions=[[MockkDefinition@775594f2 name = [null], typeToMock = app.junsu.todoapplication.todo.domain.TodoRepository, extraInterfaces = set[[empty]], clear = AFTER]]), org.springframework.boot.test.autoconfigure.actuate.metrics.MetricsExportContextCustomizerFactory$DisableMetricExportContextCustomizer@34a875b3, org.springframework.boot.test.autoconfigure.properties.PropertyMappingContextCustomizer@0, org.springframework.boot.test.autoconfigure.web.servlet.WebDriverContextCustomizerFactory$Customizer@1a760689, org.springframework.boot.test.context.filter.ExcludeFilterContextCustomizer@2250b9f2, org.springframework.boot.test.json.DuplicateJsonObjectContextCustomizerFactory$DuplicateJsonObjectContextCustomizer@41d426b5, org.springframework.boot.test.mock.mockito.MockitoContextCustomizer@0], contextLoader = 'org.springframework.test.context.support.DelegatingSmartContextLoader', parent = [null]]]
22:45:53.421 [Test worker] DEBUG org.springframework.test.context.cache - Spring test ApplicationContext cache statistics: [DefaultContextCache@712ac7e6 size = 1, maxSize = 32, parentContextCount = 0, hitCount = 0, missCount = 1]
22:45:53.431 [Test worker] DEBUG org.springframework.test.context.support.DependencyInjectionTestExecutionListener - Performing dependency injection for test context [[DefaultTestContext@3cc20577 testClass = TodoServiceTest, testInstance = app.junsu.todoapplication.todo.service.TodoServiceTest@60ed12e8, testMethod = [null], testException = [null], mergedContextConfiguration = [MergedContextConfiguration@33a630fa testClass = TodoServiceTest, locations = '{}', classes = '{}', contextInitializerClasses = '[]', activeProfiles = '{}', propertySourceLocations = '{}', propertySourceProperties = '{}', contextCustomizers = set[MockkContextCustomizer(definitions=[[MockkDefinition@775594f2 name = [null], typeToMock = app.junsu.todoapplication.todo.domain.TodoRepository, extraInterfaces = set[[empty]], clear = AFTER]]), org.springframework.boot.test.autoconfigure.actuate.metrics.MetricsExportContextCustomizerFactory$DisableMetricExportContextCustomizer@34a875b3, org.springframework.boot.test.autoconfigure.properties.PropertyMappingContextCustomizer@0, org.springframework.boot.test.autoconfigure.web.servlet.WebDriverContextCustomizerFactory$Customizer@1a760689, org.springframework.boot.test.context.filter.ExcludeFilterContextCustomizer@2250b9f2, org.springframework.boot.test.json.DuplicateJsonObjectContextCustomizerFactory$DuplicateJsonObjectContextCustomizer@41d426b5, org.springframework.boot.test.mock.mockito.MockitoContextCustomizer@0], contextLoader = 'org.springframework.test.context.support.DelegatingSmartContextLoader', parent = [null]], attributes = map['org.springframework.test.context.event.ApplicationEventsTestExecutionListener.recordApplicationEvents' -> false]]].
22:45:53.432 [Test worker] DEBUG org.springframework.test.context.cache.DefaultCacheAwareContextLoaderDelegate - Retrieved ApplicationContext [123418227] from cache with key [[MergedContextConfiguration@33a630fa testClass = TodoServiceTest, locations = '{}', classes = '{}', contextInitializerClasses = '[]', activeProfiles = '{}', propertySourceLocations = '{}', propertySourceProperties = '{}', contextCustomizers = set[MockkContextCustomizer(definitions=[[MockkDefinition@775594f2 name = [null], typeToMock = app.junsu.todoapplication.todo.domain.TodoRepository, extraInterfaces = set[[empty]], clear = AFTER]]), org.springframework.boot.test.autoconfigure.actuate.metrics.MetricsExportContextCustomizerFactory$DisableMetricExportContextCustomizer@34a875b3, org.springframework.boot.test.autoconfigure.properties.PropertyMappingContextCustomizer@0, org.springframework.boot.test.autoconfigure.web.servlet.WebDriverContextCustomizerFactory$Customizer@1a760689, org.springframework.boot.test.context.filter.ExcludeFilterContextCustomizer@2250b9f2, org.springframework.boot.test.json.DuplicateJsonObjectContextCustomizerFactory$DuplicateJsonObjectContextCustomizer@41d426b5, org.springframework.boot.test.mock.mockito.MockitoContextCustomizer@0], contextLoader = 'org.springframework.test.context.support.DelegatingSmartContextLoader', parent = [null]]]
22:45:53.432 [Test worker] DEBUG org.springframework.test.context.cache - Spring test ApplicationContext cache statistics: [DefaultContextCache@712ac7e6 size = 1, maxSize = 32, parentContextCount = 0, hitCount = 1, missCount = 1]
22:45:53.602 [Test worker] DEBUG org.springframework.test.context.cache.DefaultCacheAwareContextLoaderDelegate - Retrieved ApplicationContext [123418227] from cache with key [[MergedContextConfiguration@33a630fa testClass = TodoServiceTest, locations = '{}', classes = '{}', contextInitializerClasses = '[]', activeProfiles = '{}', propertySourceLocations = '{}', propertySourceProperties = '{}', contextCustomizers = set[MockkContextCustomizer(definitions=[[MockkDefinition@775594f2 name = [null], typeToMock = app.junsu.todoapplication.todo.domain.TodoRepository, extraInterfaces = set[[empty]], clear = AFTER]]), org.springframework.boot.test.autoconfigure.actuate.metrics.MetricsExportContextCustomizerFactory$DisableMetricExportContextCustomizer@34a875b3, org.springframework.boot.test.autoconfigure.properties.PropertyMappingContextCustomizer@0, org.springframework.boot.test.autoconfigure.web.servlet.WebDriverContextCustomizerFactory$Customizer@1a760689, org.springframework.boot.test.context.filter.ExcludeFilterContextCustomizer@2250b9f2, org.springframework.boot.test.json.DuplicateJsonObjectContextCustomizerFactory$DuplicateJsonObjectContextCustomizer@41d426b5, org.springframework.boot.test.mock.mockito.MockitoContextCustomizer@0], contextLoader = 'org.springframework.test.context.support.DelegatingSmartContextLoader', parent = [null]]]
22:45:53.603 [Test worker] DEBUG org.springframework.test.context.cache - Spring test ApplicationContext cache statistics: [DefaultContextCache@712ac7e6 size = 1, maxSize = 32, parentContextCount = 0, hitCount = 2, missCount = 1]
22:45:53.637 [Test worker] DEBUG org.springframework.test.context.support.AbstractDirtiesContextTestExecutionListener - Before test method: context [DefaultTestContext@3cc20577 testClass = TodoServiceTest, testInstance = app.junsu.todoapplication.todo.service.TodoServiceTest@60ed12e8, testMethod = return one Todo@TodoServiceTest, testException = [null], mergedContextConfiguration = [MergedContextConfiguration@33a630fa testClass = TodoServiceTest, locations = '{}', classes = '{}', contextInitializerClasses = '[]', activeProfiles = '{}', propertySourceLocations = '{}', propertySourceProperties = '{}', contextCustomizers = set[MockkContextCustomizer(definitions=[[MockkDefinition@775594f2 name = [null], typeToMock = app.junsu.todoapplication.todo.domain.TodoRepository, extraInterfaces = set[[empty]], clear = AFTER]]), org.springframework.boot.test.autoconfigure.actuate.metrics.MetricsExportContextCustomizerFactory$DisableMetricExportContextCustomizer@34a875b3, org.springframework.boot.test.autoconfigure.properties.PropertyMappingContextCustomizer@0, org.springframework.boot.test.autoconfigure.web.servlet.WebDriverContextCustomizerFactory$Customizer@1a760689, org.springframework.boot.test.context.filter.ExcludeFilterContextCustomizer@2250b9f2, org.springframework.boot.test.json.DuplicateJsonObjectContextCustomizerFactory$DuplicateJsonObjectContextCustomizer@41d426b5, org.springframework.boot.test.mock.mockito.MockitoContextCustomizer@0], contextLoader = 'org.springframework.test.context.support.DelegatingSmartContextLoader', parent = [null]], attributes = map['org.springframework.test.context.event.ApplicationEventsTestExecutionListener.recordApplicationEvents' -> false]], class annotated with @DirtiesContext [false] with mode [null], method annotated with @DirtiesContext [false] with mode [null].
22:45:53.659 [Test worker] DEBUG org.springframework.test.context.cache.DefaultCacheAwareContextLoaderDelegate - Retrieved ApplicationContext [123418227] from cache with key [[MergedContextConfiguration@33a630fa testClass = TodoServiceTest, locations = '{}', classes = '{}', contextInitializerClasses = '[]', activeProfiles = '{}', propertySourceLocations = '{}', propertySourceProperties = '{}', contextCustomizers = set[MockkContextCustomizer(definitions=[[MockkDefinition@775594f2 name = [null], typeToMock = app.junsu.todoapplication.todo.domain.TodoRepository, extraInterfaces = set[[empty]], clear = AFTER]]), org.springframework.boot.test.autoconfigure.actuate.metrics.MetricsExportContextCustomizerFactory$DisableMetricExportContextCustomizer@34a875b3, org.springframework.boot.test.autoconfigure.properties.PropertyMappingContextCustomizer@0, org.springframework.boot.test.autoconfigure.web.servlet.WebDriverContextCustomizerFactory$Customizer@1a760689, org.springframework.boot.test.context.filter.ExcludeFilterContextCustomizer@2250b9f2, org.springframework.boot.test.json.DuplicateJsonObjectContextCustomizerFactory$DuplicateJsonObjectContextCustomizer@41d426b5, org.springframework.boot.test.mock.mockito.MockitoContextCustomizer@0], contextLoader = 'org.springframework.test.context.support.DelegatingSmartContextLoader', parent = [null]]]
22:45:53.659 [Test worker] DEBUG org.springframework.test.context.cache - Spring test ApplicationContext cache statistics: [DefaultContextCache@712ac7e6 size = 1, maxSize = 32, parentContextCount = 0, hitCount = 3, missCount = 1]
22:45:53.659 [Test worker] DEBUG org.springframework.test.context.cache.DefaultCacheAwareContextLoaderDelegate - Retrieved ApplicationContext [123418227] from cache with key [[MergedContextConfiguration@33a630fa testClass = TodoServiceTest, locations = '{}', classes = '{}', contextInitializerClasses = '[]', activeProfiles = '{}', propertySourceLocations = '{}', propertySourceProperties = '{}', contextCustomizers = set[MockkContextCustomizer(definitions=[[MockkDefinition@775594f2 name = [null], typeToMock = app.junsu.todoapplication.todo.domain.TodoRepository, extraInterfaces = set[[empty]], clear = AFTER]]), org.springframework.boot.test.autoconfigure.actuate.metrics.MetricsExportContextCustomizerFactory$DisableMetricExportContextCustomizer@34a875b3, org.springframework.boot.test.autoconfigure.properties.PropertyMappingContextCustomizer@0, org.springframework.boot.test.autoconfigure.web.servlet.WebDriverContextCustomizerFactory$Customizer@1a760689, org.springframework.boot.test.context.filter.ExcludeFilterContextCustomizer@2250b9f2, org.springframework.boot.test.json.DuplicateJsonObjectContextCustomizerFactory$DuplicateJsonObjectContextCustomizer@41d426b5, org.springframework.boot.test.mock.mockito.MockitoContextCustomizer@0], contextLoader = 'org.springframework.test.context.support.DelegatingSmartContextLoader', parent = [null]]]
22:45:53.660 [Test worker] DEBUG org.springframework.test.context.cache - Spring test ApplicationContext cache statistics: [DefaultContextCache@712ac7e6 size = 1, maxSize = 32, parentContextCount = 0, hitCount = 4, missCount = 1]
22:45:53.665 [Test worker] DEBUG org.springframework.test.context.cache.DefaultCacheAwareContextLoaderDelegate - Retrieved ApplicationContext [123418227] from cache with key [[MergedContextConfiguration@33a630fa testClass = TodoServiceTest, locations = '{}', classes = '{}', contextInitializerClasses = '[]', activeProfiles = '{}', propertySourceLocations = '{}', propertySourceProperties = '{}', contextCustomizers = set[MockkContextCustomizer(definitions=[[MockkDefinition@775594f2 name = [null], typeToMock = app.junsu.todoapplication.todo.domain.TodoRepository, extraInterfaces = set[[empty]], clear = AFTER]]), org.springframework.boot.test.autoconfigure.actuate.metrics.MetricsExportContextCustomizerFactory$DisableMetricExportContextCustomizer@34a875b3, org.springframework.boot.test.autoconfigure.properties.PropertyMappingContextCustomizer@0, org.springframework.boot.test.autoconfigure.web.servlet.WebDriverContextCustomizerFactory$Customizer@1a760689, org.springframework.boot.test.context.filter.ExcludeFilterContextCustomizer@2250b9f2, org.springframework.boot.test.json.DuplicateJsonObjectContextCustomizerFactory$DuplicateJsonObjectContextCustomizer@41d426b5, org.springframework.boot.test.mock.mockito.MockitoContextCustomizer@0], contextLoader = 'org.springframework.test.context.support.DelegatingSmartContextLoader', parent = [null]]]
22:45:53.666 [Test worker] DEBUG org.springframework.test.context.cache - Spring test ApplicationContext cache statistics: [DefaultContextCache@712ac7e6 size = 1, maxSize = 32, parentContextCount = 0, hitCount = 5, missCount = 1]
22:45:54.143 [Test worker] DEBUG org.springframework.test.context.cache.DefaultCacheAwareContextLoaderDelegate - Retrieved ApplicationContext [123418227] from cache with key [[MergedContextConfiguration@33a630fa testClass = TodoServiceTest, locations = '{}', classes = '{}', contextInitializerClasses = '[]', activeProfiles = '{}', propertySourceLocations = '{}', propertySourceProperties = '{}', contextCustomizers = set[MockkContextCustomizer(definitions=[[MockkDefinition@775594f2 name = [null], typeToMock = app.junsu.todoapplication.todo.domain.TodoRepository, extraInterfaces = set[[empty]], clear = AFTER]]), org.springframework.boot.test.autoconfigure.actuate.metrics.MetricsExportContextCustomizerFactory$DisableMetricExportContextCustomizer@34a875b3, org.springframework.boot.test.autoconfigure.properties.PropertyMappingContextCustomizer@0, org.springframework.boot.test.autoconfigure.web.servlet.WebDriverContextCustomizerFactory$Customizer@1a760689, org.springframework.boot.test.context.filter.ExcludeFilterContextCustomizer@2250b9f2, org.springframework.boot.test.json.DuplicateJsonObjectContextCustomizerFactory$DuplicateJsonObjectContextCustomizer@41d426b5, org.springframework.boot.test.mock.mockito.MockitoContextCustomizer@0], contextLoader = 'org.springframework.test.context.support.DelegatingSmartContextLoader', parent = [null]]]
22:45:54.144 [Test worker] DEBUG org.springframework.test.context.cache - Spring test ApplicationContext cache statistics: [DefaultContextCache@712ac7e6 size = 1, maxSize = 32, parentContextCount = 0, hitCount = 6, missCount = 1]
22:45:55.580 [Test worker] DEBUG io.mockk.impl.instantiation.AbstractMockFactory - Creating mockk for Optional name=child of app.junsu.todoapplication.todo.domain.TodoRepository#0 bean#1#2
22:45:55.585 [Test worker] DEBUG io.mockk.impl.instantiation.AbstractMockFactory - Creating mockk for Todo name=child^2 of app.junsu.todoapplication.todo.domain.TodoRepository#0 bean#1#2#3
22:45:55.600 [Test worker] DEBUG io.mockk.impl.recording.states.AnsweringState - Answering Optional(child of app.junsu.todoapplication.todo.domain.TodoRepository#0 bean#1#2) on TodoRepository(app.junsu.todoapplication.todo.domain.TodoRepository#0 bean#1).findById(1)
22:45:55.668 [Test worker] DEBUG io.mockk.impl.recording.states.AnsweringState - Answering Todo(id=1, title=test, description=test description, done=false, createdAt=2023-01-24T22:45:55.591504, updatedAt=2023-01-24T22:45:55.591547) on Optional(child of app.junsu.todoapplication.todo.domain.TodoRepository#0 bean#1#2).orElse(null)
22:45:55.748 [Test worker] DEBUG org.springframework.test.context.cache.DefaultCacheAwareContextLoaderDelegate - Retrieved ApplicationContext [123418227] from cache with key [[MergedContextConfiguration@33a630fa testClass = TodoServiceTest, locations = '{}', classes = '{}', contextInitializerClasses = '[]', activeProfiles = '{}', propertySourceLocations = '{}', propertySourceProperties = '{}', contextCustomizers = set[MockkContextCustomizer(definitions=[[MockkDefinition@775594f2 name = [null], typeToMock = app.junsu.todoapplication.todo.domain.TodoRepository, extraInterfaces = set[[empty]], clear = AFTER]]), org.springframework.boot.test.autoconfigure.actuate.metrics.MetricsExportContextCustomizerFactory$DisableMetricExportContextCustomizer@34a875b3, org.springframework.boot.test.autoconfigure.properties.PropertyMappingContextCustomizer@0, org.springframework.boot.test.autoconfigure.web.servlet.WebDriverContextCustomizerFactory$Customizer@1a760689, org.springframework.boot.test.context.filter.ExcludeFilterContextCustomizer@2250b9f2, org.springframework.boot.test.json.DuplicateJsonObjectContextCustomizerFactory$DuplicateJsonObjectContextCustomizer@41d426b5, org.springframework.boot.test.mock.mockito.MockitoContextCustomizer@0], contextLoader = 'org.springframework.test.context.support.DelegatingSmartContextLoader', parent = [null]]]
22:45:55.749 [Test worker] DEBUG org.springframework.test.context.cache - Spring test ApplicationContext cache statistics: [DefaultContextCache@712ac7e6 size = 1, maxSize = 32, parentContextCount = 0, hitCount = 7, missCount = 1]
22:45:55.752 [Test worker] DEBUG org.springframework.test.context.cache.DefaultCacheAwareContextLoaderDelegate - Retrieved ApplicationContext [123418227] from cache with key [[MergedContextConfiguration@33a630fa testClass = TodoServiceTest, locations = '{}', classes = '{}', contextInitializerClasses = '[]', activeProfiles = '{}', propertySourceLocations = '{}', propertySourceProperties = '{}', contextCustomizers = set[MockkContextCustomizer(definitions=[[MockkDefinition@775594f2 name = [null], typeToMock = app.junsu.todoapplication.todo.domain.TodoRepository, extraInterfaces = set[[empty]], clear = AFTER]]), org.springframework.boot.test.autoconfigure.actuate.metrics.MetricsExportContextCustomizerFactory$DisableMetricExportContextCustomizer@34a875b3, org.springframework.boot.test.autoconfigure.properties.PropertyMappingContextCustomizer@0, org.springframework.boot.test.autoconfigure.web.servlet.WebDriverContextCustomizerFactory$Customizer@1a760689, org.springframework.boot.test.context.filter.ExcludeFilterContextCustomizer@2250b9f2, org.springframework.boot.test.json.DuplicateJsonObjectContextCustomizerFactory$DuplicateJsonObjectContextCustomizer@41d426b5, org.springframework.boot.test.mock.mockito.MockitoContextCustomizer@0], contextLoader = 'org.springframework.test.context.support.DelegatingSmartContextLoader', parent = [null]]]
22:45:55.752 [Test worker] DEBUG org.springframework.test.context.cache - Spring test ApplicationContext cache statistics: [DefaultContextCache@712ac7e6 size = 1, maxSize = 32, parentContextCount = 0, hitCount = 8, missCount = 1]
22:45:55.755 [Test worker] DEBUG org.springframework.test.context.cache.DefaultCacheAwareContextLoaderDelegate - Retrieved ApplicationContext [123418227] from cache with key [[MergedContextConfiguration@33a630fa testClass = TodoServiceTest, locations = '{}', classes = '{}', contextInitializerClasses = '[]', activeProfiles = '{}', propertySourceLocations = '{}', propertySourceProperties = '{}', contextCustomizers = set[MockkContextCustomizer(definitions=[[MockkDefinition@775594f2 name = [null], typeToMock = app.junsu.todoapplication.todo.domain.TodoRepository, extraInterfaces = set[[empty]], clear = AFTER]]), org.springframework.boot.test.autoconfigure.actuate.metrics.MetricsExportContextCustomizerFactory$DisableMetricExportContextCustomizer@34a875b3, org.springframework.boot.test.autoconfigure.properties.PropertyMappingContextCustomizer@0, org.springframework.boot.test.autoconfigure.web.servlet.WebDriverContextCustomizerFactory$Customizer@1a760689, org.springframework.boot.test.context.filter.ExcludeFilterContextCustomizer@2250b9f2, org.springframework.boot.test.json.DuplicateJsonObjectContextCustomizerFactory$DuplicateJsonObjectContextCustomizer@41d426b5, org.springframework.boot.test.mock.mockito.MockitoContextCustomizer@0], contextLoader = 'org.springframework.test.context.support.DelegatingSmartContextLoader', parent = [null]]]
22:45:55.755 [Test worker] DEBUG org.springframework.test.context.cache - Spring test ApplicationContext cache statistics: [DefaultContextCache@712ac7e6 size = 1, maxSize = 32, parentContextCount = 0, hitCount = 9, missCount = 1]
22:45:55.755 [Test worker] DEBUG org.springframework.test.context.cache.DefaultCacheAwareContextLoaderDelegate - Retrieved ApplicationContext [123418227] from cache with key [[MergedContextConfiguration@33a630fa testClass = TodoServiceTest, locations = '{}', classes = '{}', contextInitializerClasses = '[]', activeProfiles = '{}', propertySourceLocations = '{}', propertySourceProperties = '{}', contextCustomizers = set[MockkContextCustomizer(definitions=[[MockkDefinition@775594f2 name = [null], typeToMock = app.junsu.todoapplication.todo.domain.TodoRepository, extraInterfaces = set[[empty]], clear = AFTER]]), org.springframework.boot.test.autoconfigure.actuate.metrics.MetricsExportContextCustomizerFactory$DisableMetricExportContextCustomizer@34a875b3, org.springframework.boot.test.autoconfigure.properties.PropertyMappingContextCustomizer@0, org.springframework.boot.test.autoconfigure.web.servlet.WebDriverContextCustomizerFactory$Customizer@1a760689, org.springframework.boot.test.context.filter.ExcludeFilterContextCustomizer@2250b9f2, org.springframework.boot.test.json.DuplicateJsonObjectContextCustomizerFactory$DuplicateJsonObjectContextCustomizer@41d426b5, org.springframework.boot.test.mock.mockito.MockitoContextCustomizer@0], contextLoader = 'org.springframework.test.context.support.DelegatingSmartContextLoader', parent = [null]]]
22:45:55.755 [Test worker] DEBUG org.springframework.test.context.cache - Spring test ApplicationContext cache statistics: [DefaultContextCache@712ac7e6 size = 1, maxSize = 32, parentContextCount = 0, hitCount = 10, missCount = 1]
22:45:55.762 [Test worker] DEBUG org.springframework.test.context.cache.DefaultCacheAwareContextLoaderDelegate - Retrieved ApplicationContext [123418227] from cache with key [[MergedContextConfiguration@33a630fa testClass = TodoServiceTest, locations = '{}', classes = '{}', contextInitializerClasses = '[]', activeProfiles = '{}', propertySourceLocations = '{}', propertySourceProperties = '{}', contextCustomizers = set[MockkContextCustomizer(definitions=[[MockkDefinition@775594f2 name = [null], typeToMock = app.junsu.todoapplication.todo.domain.TodoRepository, extraInterfaces = set[[empty]], clear = AFTER]]), org.springframework.boot.test.autoconfigure.actuate.metrics.MetricsExportContextCustomizerFactory$DisableMetricExportContextCustomizer@34a875b3, org.springframework.boot.test.autoconfigure.properties.PropertyMappingContextCustomizer@0, org.springframework.boot.test.autoconfigure.web.servlet.WebDriverContextCustomizerFactory$Customizer@1a760689, org.springframework.boot.test.context.filter.ExcludeFilterContextCustomizer@2250b9f2, org.springframework.boot.test.json.DuplicateJsonObjectContextCustomizerFactory$DuplicateJsonObjectContextCustomizer@41d426b5, org.springframework.boot.test.mock.mockito.MockitoContextCustomizer@0], contextLoader = 'org.springframework.test.context.support.DelegatingSmartContextLoader', parent = [null]]]
22:45:55.762 [Test worker] DEBUG org.springframework.test.context.cache - Spring test ApplicationContext cache statistics: [DefaultContextCache@712ac7e6 size = 1, maxSize = 32, parentContextCount = 0, hitCount = 11, missCount = 1]
22:45:55.764 [Test worker] DEBUG org.springframework.test.context.cache.DefaultCacheAwareContextLoaderDelegate - Retrieved ApplicationContext [123418227] from cache with key [[MergedContextConfiguration@33a630fa testClass = TodoServiceTest, locations = '{}', classes = '{}', contextInitializerClasses = '[]', activeProfiles = '{}', propertySourceLocations = '{}', propertySourceProperties = '{}', contextCustomizers = set[MockkContextCustomizer(definitions=[[MockkDefinition@775594f2 name = [null], typeToMock = app.junsu.todoapplication.todo.domain.TodoRepository, extraInterfaces = set[[empty]], clear = AFTER]]), org.springframework.boot.test.autoconfigure.actuate.metrics.MetricsExportContextCustomizerFactory$DisableMetricExportContextCustomizer@34a875b3, org.springframework.boot.test.autoconfigure.properties.PropertyMappingContextCustomizer@0, org.springframework.boot.test.autoconfigure.web.servlet.WebDriverContextCustomizerFactory$Customizer@1a760689, org.springframework.boot.test.context.filter.ExcludeFilterContextCustomizer@2250b9f2, org.springframework.boot.test.json.DuplicateJsonObjectContextCustomizerFactory$DuplicateJsonObjectContextCustomizer@41d426b5, org.springframework.boot.test.mock.mockito.MockitoContextCustomizer@0], contextLoader = 'org.springframework.test.context.support.DelegatingSmartContextLoader', parent = [null]]]
22:45:55.765 [Test worker] DEBUG org.springframework.test.context.cache - Spring test ApplicationContext cache statistics: [DefaultContextCache@712ac7e6 size = 1, maxSize = 32, parentContextCount = 0, hitCount = 12, missCount = 1]
22:45:55.767 [Test worker] DEBUG io.mockk.impl.stub.CommonClearer - Clearing [TodoRepository(app.junsu.todoapplication.todo.domain.TodoRepository#0 bean#1)] mocks ClearOptions(answers=true, recordedCalls=true, childMocks=true, verificationMarks=true, exclusionRules=true)
22:45:55.767 [Test worker] DEBUG io.mockk.impl.stub.CommonClearer - Clearing [TodoRepository(app.junsu.todoapplication.todo.domain.TodoRepository#0 bean#1)] mocks ClearOptions(answers=true, recordedCalls=true, childMocks=true, verificationMarks=true, exclusionRules=true)
22:45:55.768 [Test worker] DEBUG org.springframework.test.context.cache.DefaultCacheAwareContextLoaderDelegate - Retrieved ApplicationContext [123418227] from cache with key [[MergedContextConfiguration@33a630fa testClass = TodoServiceTest, locations = '{}', classes = '{}', contextInitializerClasses = '[]', activeProfiles = '{}', propertySourceLocations = '{}', propertySourceProperties = '{}', contextCustomizers = set[MockkContextCustomizer(definitions=[[MockkDefinition@775594f2 name = [null], typeToMock = app.junsu.todoapplication.todo.domain.TodoRepository, extraInterfaces = set[[empty]], clear = AFTER]]), org.springframework.boot.test.autoconfigure.actuate.metrics.MetricsExportContextCustomizerFactory$DisableMetricExportContextCustomizer@34a875b3, org.springframework.boot.test.autoconfigure.properties.PropertyMappingContextCustomizer@0, org.springframework.boot.test.autoconfigure.web.servlet.WebDriverContextCustomizerFactory$Customizer@1a760689, org.springframework.boot.test.context.filter.ExcludeFilterContextCustomizer@2250b9f2, org.springframework.boot.test.json.DuplicateJsonObjectContextCustomizerFactory$DuplicateJsonObjectContextCustomizer@41d426b5, org.springframework.boot.test.mock.mockito.MockitoContextCustomizer@0], contextLoader = 'org.springframework.test.context.support.DelegatingSmartContextLoader', parent = [null]]]
22:45:55.768 [Test worker] DEBUG org.springframework.test.context.cache - Spring test ApplicationContext cache statistics: [DefaultContextCache@712ac7e6 size = 1, maxSize = 32, parentContextCount = 0, hitCount = 13, missCount = 1]
22:45:55.788 [Test worker] DEBUG org.springframework.test.context.support.AbstractDirtiesContextTestExecutionListener - After test method: context [DefaultTestContext@3cc20577 testClass = TodoServiceTest, testInstance = app.junsu.todoapplication.todo.service.TodoServiceTest@60ed12e8, testMethod = return one Todo@TodoServiceTest, testException = [null], mergedContextConfiguration = [MergedContextConfiguration@33a630fa testClass = TodoServiceTest, locations = '{}', classes = '{}', contextInitializerClasses = '[]', activeProfiles = '{}', propertySourceLocations = '{}', propertySourceProperties = '{}', contextCustomizers = set[MockkContextCustomizer(definitions=[[MockkDefinition@775594f2 name = [null], typeToMock = app.junsu.todoapplication.todo.domain.TodoRepository, extraInterfaces = set[[empty]], clear = AFTER]]), org.springframework.boot.test.autoconfigure.actuate.metrics.MetricsExportContextCustomizerFactory$DisableMetricExportContextCustomizer@34a875b3, org.springframework.boot.test.autoconfigure.properties.PropertyMappingContextCustomizer@0, org.springframework.boot.test.autoconfigure.web.servlet.WebDriverContextCustomizerFactory$Customizer@1a760689, org.springframework.boot.test.context.filter.ExcludeFilterContextCustomizer@2250b9f2, org.springframework.boot.test.json.DuplicateJsonObjectContextCustomizerFactory$DuplicateJsonObjectContextCustomizer@41d426b5, org.springframework.boot.test.mock.mockito.MockitoContextCustomizer@0], contextLoader = 'org.springframework.test.context.support.DelegatingSmartContextLoader', parent = [null]], attributes = map['org.springframework.test.context.event.ApplicationEventsTestExecutionListener.recordApplicationEvents' -> false]], class annotated with @DirtiesContext [false] with mode [null], method annotated with @DirtiesContext [false] with mode [null].
22:45:55.833 [Test worker] DEBUG org.springframework.test.context.cache.DefaultCacheAwareContextLoaderDelegate - Retrieved ApplicationContext [123418227] from cache with key [[MergedContextConfiguration@33a630fa testClass = TodoServiceTest, locations = '{}', classes = '{}', contextInitializerClasses = '[]', activeProfiles = '{}', propertySourceLocations = '{}', propertySourceProperties = '{}', contextCustomizers = set[MockkContextCustomizer(definitions=[[MockkDefinition@775594f2 name = [null], typeToMock = app.junsu.todoapplication.todo.domain.TodoRepository, extraInterfaces = set[[empty]], clear = AFTER]]), org.springframework.boot.test.autoconfigure.actuate.metrics.MetricsExportContextCustomizerFactory$DisableMetricExportContextCustomizer@34a875b3, org.springframework.boot.test.autoconfigure.properties.PropertyMappingContextCustomizer@0, org.springframework.boot.test.autoconfigure.web.servlet.WebDriverContextCustomizerFactory$Customizer@1a760689, org.springframework.boot.test.context.filter.ExcludeFilterContextCustomizer@2250b9f2, org.springframework.boot.test.json.DuplicateJsonObjectContextCustomizerFactory$DuplicateJsonObjectContextCustomizer@41d426b5, org.springframework.boot.test.mock.mockito.MockitoContextCustomizer@0], contextLoader = 'org.springframework.test.context.support.DelegatingSmartContextLoader', parent = [null]]]
22:45:55.833 [Test worker] DEBUG org.springframework.test.context.cache - Spring test ApplicationContext cache statistics: [DefaultContextCache@712ac7e6 size = 1, maxSize = 32, parentContextCount = 0, hitCount = 14, missCount = 1]
22:45:55.835 [Test worker] DEBUG org.springframework.test.context.support.AbstractDirtiesContextTestExecutionListener - After test class: context [DefaultTestContext@3cc20577 testClass = TodoServiceTest, testInstance = [null], testMethod = [null], testException = [null], mergedContextConfiguration = [MergedContextConfiguration@33a630fa testClass = TodoServiceTest, locations = '{}', classes = '{}', contextInitializerClasses = '[]', activeProfiles = '{}', propertySourceLocations = '{}', propertySourceProperties = '{}', contextCustomizers = set[MockkContextCustomizer(definitions=[[MockkDefinition@775594f2 name = [null], typeToMock = app.junsu.todoapplication.todo.domain.TodoRepository, extraInterfaces = set[[empty]], clear = AFTER]]), org.springframework.boot.test.autoconfigure.actuate.metrics.MetricsExportContextCustomizerFactory$DisableMetricExportContextCustomizer@34a875b3, org.springframework.boot.test.autoconfigure.properties.PropertyMappingContextCustomizer@0, org.springframework.boot.test.autoconfigure.web.servlet.WebDriverContextCustomizerFactory$Customizer@1a760689, org.springframework.boot.test.context.filter.ExcludeFilterContextCustomizer@2250b9f2, org.springframework.boot.test.json.DuplicateJsonObjectContextCustomizerFactory$DuplicateJsonObjectContextCustomizer@41d426b5, org.springframework.boot.test.mock.mockito.MockitoContextCustomizer@0], contextLoader = 'org.springframework.test.context.support.DelegatingSmartContextLoader', parent = [null]], attributes = map['org.springframework.test.context.event.ApplicationEventsTestExecutionListener.recordApplicationEvents' -> false]], class annotated with @DirtiesContext [false] with mode [null].
]]></system-out>
  <system-err><![CDATA[]]></system-err>
</testsuite>
